2022-05-26 11:35:57.052  INFO 7420 --- [restartedMain] c.e.addressbook.AddressBookApplication   : Starting AddressBookApplication using Java 17.0.3.1 on LAPTOP-3DLLB35C with PID 7420 (C:\Users\Asus\IdeaProjects\AddressBookApp\target\classes started by Asus in C:\Users\Asus\IdeaProjects\AddressBookApp)
2022-05-26 11:35:57.059 DEBUG 7420 --- [restartedMain] c.e.addressbook.AddressBookApplication   : Running with Spring Boot v2.7.0, Spring v5.3.20
2022-05-26 11:35:57.060  INFO 7420 --- [restartedMain] c.e.addressbook.AddressBookApplication   : No active profile set, falling back to 1 default profile: "default"
2022-05-26 11:35:59.049  WARN 7420 --- [restartedMain] JpaBaseConfiguration$JpaWebConfiguration : spring.jpa.open-in-view is enabled by default. Therefore, database queries may be performed during view rendering. Explicitly configure spring.jpa.open-in-view to disable this warning
2022-05-26 11:35:59.357  INFO 7420 --- [restartedMain] c.e.addressbook.AddressBookApplication   : Started AddressBookApplication in 2.62 seconds (JVM running for 3.184)
2022-05-26 11:35:59.359  INFO 7420 --- [restartedMain] c.e.addressbook.AddressBookApplication   : Address book started COMMON environment
2022-05-26 11:43:49.765  INFO 2788 --- [restartedMain] c.e.addressbook.AddressBookApplication   : Starting AddressBookApplication using Java 17.0.3.1 on LAPTOP-3DLLB35C with PID 2788 (C:\Users\Asus\IdeaProjects\AddressBookApp\target\classes started by Asus in C:\Users\Asus\IdeaProjects\AddressBookApp)
2022-05-26 11:43:49.765  INFO 2788 --- [restartedMain] c.e.addressbook.AddressBookApplication   : No active profile set, falling back to 1 default profile: "default"
2022-05-26 11:43:49.936  INFO 2788 --- [restartedMain] .s.d.r.c.RepositoryConfigurationDelegate : Bootstrapping Spring Data JPA repositories in DEFAULT mode.
2022-05-26 11:43:49.940  INFO 2788 --- [restartedMain] .s.d.r.c.RepositoryConfigurationDelegate : Finished Spring Data repository scanning in 3 ms. Found 0 JPA repository interfaces.
2022-05-26 11:43:50.029  INFO 2788 --- [restartedMain] o.s.b.w.embedded.tomcat.TomcatWebServer  : Tomcat initialized with port(s): 8080 (http)
2022-05-26 11:43:50.030  INFO 2788 --- [restartedMain] o.apache.catalina.core.StandardService   : Starting service [Tomcat]
2022-05-26 11:43:50.030  INFO 2788 --- [restartedMain] org.apache.catalina.core.StandardEngine  : Starting Servlet engine: [Apache Tomcat/9.0.63]
2022-05-26 11:43:50.048  INFO 2788 --- [restartedMain] o.a.c.c.C.[Tomcat].[localhost].[/]       : Initializing Spring embedded WebApplicationContext
2022-05-26 11:43:50.049  INFO 2788 --- [restartedMain] w.s.c.ServletWebServerApplicationContext : Root WebApplicationContext: initialization completed in 282 ms
2022-05-26 11:43:50.087  INFO 2788 --- [restartedMain] o.hibernate.jpa.internal.util.LogHelper  : HHH000204: Processing PersistenceUnitInfo [name: default]
2022-05-26 11:43:50.094  INFO 2788 --- [restartedMain] com.zaxxer.hikari.HikariDataSource       : HikariPool-2 - Starting...
2022-05-26 11:43:50.111  INFO 2788 --- [restartedMain] com.zaxxer.hikari.HikariDataSource       : HikariPool-2 - Start completed.
2022-05-26 11:43:50.111  INFO 2788 --- [restartedMain] org.hibernate.dialect.Dialect            : HHH000400: Using dialect: org.hibernate.dialect.MySQL8Dialect
2022-05-26 11:43:50.129  INFO 2788 --- [restartedMain] o.h.e.t.j.p.i.JtaPlatformInitiator       : HHH000490: Using JtaPlatform implementation: [org.hibernate.engine.transaction.jta.platform.internal.NoJtaPlatform]
2022-05-26 11:43:50.129  INFO 2788 --- [restartedMain] j.LocalContainerEntityManagerFactoryBean : Initialized JPA EntityManagerFactory for persistence unit 'default'
2022-05-26 11:43:50.160  WARN 2788 --- [restartedMain] JpaBaseConfiguration$JpaWebConfiguration : spring.jpa.open-in-view is enabled by default. Therefore, database queries may be performed during view rendering. Explicitly configure spring.jpa.open-in-view to disable this warning
2022-05-26 11:43:50.274  INFO 2788 --- [restartedMain] o.s.b.d.a.OptionalLiveReloadServer       : LiveReload server is running on port 35729
2022-05-26 11:43:50.290  INFO 2788 --- [restartedMain] o.s.b.w.embedded.tomcat.TomcatWebServer  : Tomcat started on port(s): 8080 (http) with context path ''
2022-05-26 11:43:50.295  INFO 2788 --- [restartedMain] c.e.addressbook.AddressBookApplication   : Started AddressBookApplication in 0.566 seconds (JVM running for 37.667)
2022-05-26 11:43:50.297  INFO 2788 --- [restartedMain] .ConditionEvaluationDeltaLoggingListener : Condition evaluation unchanged
2022-05-26 11:43:50.297  INFO 2788 --- [restartedMain] c.e.addressbook.AddressBookApplication   : Address book started COMMON environment
2022-05-26 11:43:52.468  INFO 2788 --- [SpringApplicationShutdownHook] j.LocalContainerEntityManagerFactoryBean : Closing JPA EntityManagerFactory for persistence unit 'default'
2022-05-26 11:43:52.469  INFO 2788 --- [SpringApplicationShutdownHook] com.zaxxer.hikari.HikariDataSource       : HikariPool-2 - Shutdown initiated...
2022-05-26 11:43:52.477  INFO 2788 --- [SpringApplicationShutdownHook] com.zaxxer.hikari.HikariDataSource       : HikariPool-2 - Shutdown completed.
2022-05-26 11:43:54.706  INFO 17308 --- [restartedMain] c.e.addressbook.AddressBookApplication   : Starting AddressBookApplication using Java 17.0.3.1 on LAPTOP-3DLLB35C with PID 17308 (C:\Users\Asus\IdeaProjects\AddressBookApp\target\classes started by Asus in C:\Users\Asus\IdeaProjects\AddressBookApp)
2022-05-26 11:43:54.708  INFO 17308 --- [restartedMain] c.e.addressbook.AddressBookApplication   : No active profile set, falling back to 1 default profile: "default"
2022-05-26 11:43:54.756  INFO 17308 --- [restartedMain] .e.DevToolsPropertyDefaultsPostProcessor : Devtools property defaults active! Set 'spring.devtools.add-properties' to 'false' to disable
2022-05-26 11:43:54.757  INFO 17308 --- [restartedMain] .e.DevToolsPropertyDefaultsPostProcessor : For additional web related logging consider setting the 'logging.level.web' property to 'DEBUG'
2022-05-26 11:43:55.377  INFO 17308 --- [restartedMain] .s.d.r.c.RepositoryConfigurationDelegate : Bootstrapping Spring Data JPA repositories in DEFAULT mode.
2022-05-26 11:43:55.388  INFO 17308 --- [restartedMain] .s.d.r.c.RepositoryConfigurationDelegate : Finished Spring Data repository scanning in 6 ms. Found 0 JPA repository interfaces.
2022-05-26 11:43:55.946  INFO 17308 --- [restartedMain] o.s.b.w.embedded.tomcat.TomcatWebServer  : Tomcat initialized with port(s): 8080 (http)
2022-05-26 11:43:55.956  INFO 17308 --- [restartedMain] o.apache.catalina.core.StandardService   : Starting service [Tomcat]
2022-05-26 11:43:55.957  INFO 17308 --- [restartedMain] org.apache.catalina.core.StandardEngine  : Starting Servlet engine: [Apache Tomcat/9.0.63]
2022-05-26 11:43:56.051  INFO 17308 --- [restartedMain] o.a.c.c.C.[Tomcat].[localhost].[/]       : Initializing Spring embedded WebApplicationContext
2022-05-26 11:43:56.052  INFO 17308 --- [restartedMain] w.s.c.ServletWebServerApplicationContext : Root WebApplicationContext: initialization completed in 1295 ms
2022-05-26 11:43:56.201  INFO 17308 --- [restartedMain] o.hibernate.jpa.internal.util.LogHelper  : HHH000204: Processing PersistenceUnitInfo [name: default]
2022-05-26 11:43:56.248  INFO 17308 --- [restartedMain] org.hibernate.Version                    : HHH000412: Hibernate ORM core version 5.6.9.Final
2022-05-26 11:43:56.365  INFO 17308 --- [restartedMain] o.hibernate.annotations.common.Version   : HCANN000001: Hibernate Commons Annotations {5.1.2.Final}
2022-05-26 11:43:56.477  INFO 17308 --- [restartedMain] com.zaxxer.hikari.HikariDataSource       : HikariPool-1 - Starting...
2022-05-26 11:43:56.779  INFO 17308 --- [restartedMain] com.zaxxer.hikari.HikariDataSource       : HikariPool-1 - Start completed.
2022-05-26 11:43:56.796  INFO 17308 --- [restartedMain] org.hibernate.dialect.Dialect            : HHH000400: Using dialect: org.hibernate.dialect.MySQL8Dialect
2022-05-26 11:43:57.008  INFO 17308 --- [restartedMain] o.h.e.t.j.p.i.JtaPlatformInitiator       : HHH000490: Using JtaPlatform implementation: [org.hibernate.engine.transaction.jta.platform.internal.NoJtaPlatform]
2022-05-26 11:43:57.018  INFO 17308 --- [restartedMain] j.LocalContainerEntityManagerFactoryBean : Initialized JPA EntityManagerFactory for persistence unit 'default'
2022-05-26 11:43:57.083  WARN 17308 --- [restartedMain] JpaBaseConfiguration$JpaWebConfiguration : spring.jpa.open-in-view is enabled by default. Therefore, database queries may be performed during view rendering. Explicitly configure spring.jpa.open-in-view to disable this warning
2022-05-26 11:43:57.339  INFO 17308 --- [restartedMain] o.s.b.d.a.OptionalLiveReloadServer       : LiveReload server is running on port 35729
2022-05-26 11:43:57.374  INFO 17308 --- [restartedMain] o.s.b.w.embedded.tomcat.TomcatWebServer  : Tomcat started on port(s): 8080 (http) with context path ''
2022-05-26 11:43:57.384  INFO 17308 --- [restartedMain] c.e.addressbook.AddressBookApplication   : Started AddressBookApplication in 2.979 seconds (JVM running for 3.677)
2022-05-26 11:43:57.388  INFO 17308 --- [restartedMain] c.e.addressbook.AddressBookApplication   : Address book started COMMON environment
2022-05-26 11:49:00.497  INFO 17308 --- [SpringApplicationShutdownHook] j.LocalContainerEntityManagerFactoryBean : Closing JPA EntityManagerFactory for persistence unit 'default'
2022-05-26 11:49:00.502  INFO 17308 --- [SpringApplicationShutdownHook] com.zaxxer.hikari.HikariDataSource       : HikariPool-1 - Shutdown initiated...
2022-05-26 11:49:00.513  INFO 17308 --- [SpringApplicationShutdownHook] com.zaxxer.hikari.HikariDataSource       : HikariPool-1 - Shutdown completed.
2022-05-26 11:49:04.836  INFO 10760 --- [restartedMain] c.e.addressbook.AddressBookApplication   : Starting AddressBookApplication using Java 17.0.3.1 on LAPTOP-3DLLB35C with PID 10760 (C:\Users\Asus\IdeaProjects\AddressBookApp\target\classes started by Asus in C:\Users\Asus\IdeaProjects\AddressBookApp)
2022-05-26 11:49:04.837 DEBUG 10760 --- [restartedMain] c.e.addressbook.AddressBookApplication   : Running with Spring Boot v2.7.0, Spring v5.3.20
2022-05-26 11:49:04.838  INFO 10760 --- [restartedMain] c.e.addressbook.AddressBookApplication   : The following 1 profile is active: "dev"
2022-05-26 11:49:06.850  WARN 10760 --- [restartedMain] JpaBaseConfiguration$JpaWebConfiguration : spring.jpa.open-in-view is enabled by default. Therefore, database queries may be performed during view rendering. Explicitly configure spring.jpa.open-in-view to disable this warning
2022-05-26 11:49:07.218  INFO 10760 --- [restartedMain] c.e.addressbook.AddressBookApplication   : Started AddressBookApplication in 2.681 seconds (JVM running for 3.244)
2022-05-26 11:49:07.221  INFO 10760 --- [restartedMain] c.e.addressbook.AddressBookApplication   : Address book started DEV environment
2022-05-26 11:49:40.551  INFO 14612 --- [restartedMain] c.e.addressbook.AddressBookApplication   : Starting AddressBookApplication using Java 17.0.3.1 on LAPTOP-3DLLB35C with PID 14612 (C:\Users\Asus\IdeaProjects\AddressBookApp\target\classes started by Asus in C:\Users\Asus\IdeaProjects\AddressBookApp)
2022-05-26 11:49:40.553 DEBUG 14612 --- [restartedMain] c.e.addressbook.AddressBookApplication   : Running with Spring Boot v2.7.0, Spring v5.3.20
2022-05-26 11:49:40.554  INFO 14612 --- [restartedMain] c.e.addressbook.AddressBookApplication   : The following 1 profile is active: "dev"
2022-05-26 11:49:42.547  WARN 14612 --- [restartedMain] JpaBaseConfiguration$JpaWebConfiguration : spring.jpa.open-in-view is enabled by default. Therefore, database queries may be performed during view rendering. Explicitly configure spring.jpa.open-in-view to disable this warning
2022-05-26 11:49:42.938  INFO 14612 --- [restartedMain] c.e.addressbook.AddressBookApplication   : Started AddressBookApplication in 2.689 seconds (JVM running for 3.277)
2022-05-26 11:49:42.942  INFO 14612 --- [restartedMain] c.e.addressbook.AddressBookApplication   : Address book started DEV environment
